#
# A fatal error has been detected by the Java Runtime Environment:
#
#  EXCEPTION_ACCESS_VIOLATION (0xc0000005) at pc=0x00007ffafbd2e32a, pid=5764, tid=5524
#
# JRE version: OpenJDK Runtime Environment Temurin-17.0.3+7 (17.0.3+7) (build 17.0.3+7)
# Java VM: OpenJDK 64-Bit Server VM Temurin-17.0.3+7 (17.0.3+7, mixed mode, tiered, compressed oops, compressed class ptrs, g1 gc, windows-amd64)
# Problematic frame:
# V  [jvm.dll+0x79e32a]
#
# No core dump will be written. Minidumps are not enabled by default on client versions of Windows
#
# If you would like to submit a bug report, please visit:
#   https://github.com/adoptium/adoptium-support/issues
#

---------------  S U M M A R Y ------------

Command Line: -XX:+ShowCodeDetailsInExceptionMessages -agentlib:jdwp=transport=dt_socket,suspend=y,address=localhost:51778 -javaagent:C:\Users\Pol de la Hoz\eclipse\java-2022-06\eclipse\configuration\org.eclipse.osgi\215\0\.cp\lib\javaagent-shaded.jar -Dfile.encoding=UTF-8 exercisi2.Main

Host: Intel(R) Core(TM) i7-8550U CPU @ 1.80GHz, 8 cores, 15G,  Windows 11 , 64 bit Build 22000 (10.0.22000.1335)
Time: Fri Jan 13 12:59:19 2023 Hora estándar romance elapsed time: 323.532110 seconds (0d 0h 5m 23s)

---------------  T H R E A D  ---------------

Current thread (0x000001f6b0bba400):  JavaThread "JDWP Transport Listener: dt_socket" daemon [_thread_in_vm, id=5524, stack(0x0000000ab5600000,0x0000000ab5700000)]

Stack: [0x0000000ab5600000,0x0000000ab5700000],  sp=0x0000000ab56ff760,  free space=1021k
Native frames: (J=compiled Java code, j=interpreted, Vv=VM code, C=native code)
V  [jvm.dll+0x79e32a]
V  [jvm.dll+0x5088cc]
V  [jvm.dll+0x4cff34]
C  [jdwp.dll+0x22dff]


siginfo: EXCEPTION_ACCESS_VIOLATION (0xc0000005), reading address 0x0000000000980005


Register to memory mapping:

RIP=0x00007ffafbd2e32a jvm.dll
RAX=0x0000000000000097 is an unknown value
RBX=0x000001f6b08a6917 points into unknown readable memory: 61
RCX=0x0000000000980001 is an unknown value
RDX=0x000001f6b0febaf0 points into unknown readable memory: 0x736963726578654c | 4c 65 78 65 72 63 69 73
RSP=0x0000000ab56ff760 is pointing into the stack for thread: 0x000001f6b0bba400
RBP=0x000001f6b0ab9440 points into unknown readable memory: 0x0000001700000002 | 02 00 00 00 17 00 00 00
RSI=0x0 is NULL
RDI=0xffffffffffffffff is an unknown value
R8 =0x00000000000003cc is an unknown value
R9 =0x0000000000000040 is an unknown value
R10=0x00000000000003c0 is an unknown value
R11=0x0000000ab56ff780 is pointing into the stack for thread: 0x000001f6b0bba400
R12=0x0000000ab56ff8b8 is pointing into the stack for thread: 0x000001f6b0bba400
R13=0x0 is NULL
R14=0x0000000800105288 is a pointer to class: 
exercisi2.PrintFiles {0x0000000800105290}
 - instance size:     2
 - klass size:        78
 - access:            synchronized 
 - state:             fully_initialized
 - name:              'exercisi2/PrintFiles'
 - super:             'java/lang/Object'
 - sub:               
 - arrays:            NULL
 - methods:           Array<T>(0x000001f6b18453b8)
 - method ordering:   Array<T>(0x000001f6b1845b38)
 - default_methods:   Array<T>(0x0000000000000000)
 - local interfaces:  Array<T>(0x000001f6b1844000)
 - trans. interfaces: Array<T>(0x000001f6b1844000)
 - constants:         constant pool [162] {0x000001f6b1846758} for 'exercisi2/PrintFiles' cache=0x000001f6b1846d28
 - class loader data:  loader data: 0x000001f6b0a346c0 for instance a 'jdk/internal/loader/ClassLoaders$AppClassLoader'{0x0000000711857608}
 - source file:       'DirectoryUtils.java'
 - source debug extension:       SMAP
DirectoryUtils.java
Java
*S jdt
*F
1 DirectoryUtils.java
2 file:/C:/Users/Pol%20de%20la%20Hoz/Documents/BarcelonaActiva/Sprints/S01-DelahozGaigPol/T05N01/bin/
*L
*E

 - class annotations:       Array<T>(0x0000000000000000)
 - class type annotations:  Array<T>(0x0000000000000000)
 - field annotations:       Array<T>(0x0000000000000000)
 - field type annotations:  Array<T>(0x0000000000000000)
 - previous version:  constant pool [158] {0x000001f6b183ba50} for 'exercisi2/PrintFiles' (extra) cache=0x000001f6b18447d8
 - generic signature: '
[error occurred during error reporting (printing register info), id 0xc0000005, EXCEPTION_ACCESS_VIOLATION (0xc0000005) at pc=0x00007ffafbd2ef36]

Registers:
RAX=0x0000000000000097, RBX=0x000001f6b08a6917, RCX=0x0000000000980001, RDX=0x000001f6b0febaf0
RSP=0x0000000ab56ff760, RBP=0x000001f6b0ab9440, RSI=0x0000000000000000, RDI=0xffffffffffffffff
R8 =0x00000000000003cc, R9 =0x0000000000000040, R10=0x00000000000003c0, R11=0x0000000ab56ff780
R12=0x0000000ab56ff8b8, R13=0x0000000000000000, R14=0x0000000800105288, R15=0x0000000ab56ff908
RIP=0x00007ffafbd2e32a, EFLAGS=0x0000000000010206

Top of Stack: (sp=0x0000000ab56ff760)
0x0000000ab56ff760:   0000000000000014 0000000800105288
0x0000000ab56ff770:   000001f6b0bba400 0000000000000000
0x0000000ab56ff780:   ffffffffffffffff 00007ffafba988cc
0x0000000ab56ff790:   000001f6b08a6917 000001f6b08a6900
0x0000000ab56ff7a0:   000001f6b0ab9440 000001f6b0ac68f0
0x0000000ab56ff7b0:   000001f6b08a68d0 00000000000003d8
0x0000000ab56ff7c0:   000001f6b08a68e0 000001f6b08a6cb8
0x0000000ab56ff7d0:   0000000000000002 0000000ab56ff8b8
0x0000000ab56ff7e0:   0000000000000000 0000000000000000
0x0000000ab56ff7f0:   00000007112ef6c8 00007ffafba5ff34
0x0000000ab56ff800:   000001f6b0bba400 0000000ab56ff908
0x0000000ab56ff810:   000001f68f19c260 0000000ab56ff908
0x0000000ab56ff820:   000001f6b0bba400 0000000000000000
0x0000000ab56ff830:   000001f600000000 0000000000000000
0x0000000ab56ff840:   000000000000000d 00007ffb8f162dff
0x0000000ab56ff850:   0000000ab56ff900 00007ffb8f171aa0 

Instructions: (pc=0x00007ffafbd2e32a)
0x00007ffafbd2e22a:   48 83 c4 20 5f e9 bc 80 90 ff cc cc cc cc cc cc
0x00007ffafbd2e23a:   cc cc cc cc cc cc 48 89 5c 24 08 57 48 83 ec 20
0x00007ffafbd2e24a:   83 fa 02 8d 42 06 b9 08 00 00 00 49 8b d8 0f 4e
0x00007ffafbd2e25a:   c1 48 63 c8 48 83 c1 07 83 e1 f8 48 63 f9 49 8b
0x00007ffafbd2e26a:   48 18 48 8b c7 48 f7 d0 48 3b c1 73 16 4c 8d 05
0x00007ffafbd2e27a:   4a 50 17 00 48 8b d7 48 8b cb e8 c7 e3 90 ff 48
0x00007ffafbd2e28a:   8b 4b 18 48 8d 04 39 48 3b 43 20 76 18 45 33 c0
0x00007ffafbd2e29a:   48 8b d7 48 8b cb 48 8b 5c 24 30 48 83 c4 20 5f
0x00007ffafbd2e2aa:   e9 21 e0 90 ff 48 89 43 18 48 8b c1 48 8b 5c 24
0x00007ffafbd2e2ba:   30 48 83 c4 20 5f c3 cc cc cc cc cc cc cc cc cc
0x00007ffafbd2e2ca:   cc cc cc cc cc cc 4c 8b d2 4c 8b d9 45 85 c0 7e
0x00007ffafbd2e2da:   3c 44 0f b7 49 04 41 8d 40 ff 41 3b c1 44 0f 4c
0x00007ffafbd2e2ea:   c8 4d 63 c1 45 85 c9 7e 1f 48 8b c2 4c 2b da 49
0x00007ffafbd2e2fa:   8b d0 0f 1f 40 00 41 0f b6 4c 03 06 88 08 48 8d
0x00007ffafbd2e30a:   40 01 48 83 ea 01 75 ee 43 c6 04 10 00 49 8b c2
0x00007ffafbd2e31a:   c3 cc cc cc cc cc 48 89 5c 24 08 57 48 83 ec 20
0x00007ffafbd2e32a:   0f b7 59 04 48 8b f9 33 d2 48 8d 4b 01 e8 a4 dc
0x00007ffafbd2e33a:   f2 ff 0f b7 57 04 4c 8b c0 3b da 0f 42 d3 44 8b
0x00007ffafbd2e34a:   ca 85 d2 74 39 48 2b f8 0f 1f 40 00 66 66 0f 1f
0x00007ffafbd2e35a:   84 00 00 00 00 00 0f b6 4c 07 06 88 08 48 ff c0
0x00007ffafbd2e36a:   48 8b c8 49 2b c8 49 3b c9 7c eb 42 c6 04 02 00
0x00007ffafbd2e37a:   49 8b c0 48 8b 5c 24 30 48 83 c4 20 5f c3 48 8b
0x00007ffafbd2e38a:   5c 24 30 c6 04 02 00 48 83 c4 20 5f c3 cc cc cc
0x00007ffafbd2e39a:   cc cc cc cc cc cc 4c 8b d1 45 85 c0 7e 6c 44 0f
0x00007ffafbd2e3aa:   b7 49 04 41 8d 40 ff 41 3b c1 44 0f 4c c8 4d 63
0x00007ffafbd2e3ba:   d9 45 85 c9 7e 22 48 8b ca 4c 2b d2 4d 8b c3 0f
0x00007ffafbd2e3ca:   1f 80 00 00 00 00 41 0f b6 44 0a 06 88 01 48 8d
0x00007ffafbd2e3da:   49 01 49 83 e8 01 75 ee 41 c6 04 13 00 48 c7 c0
0x00007ffafbd2e3ea:   ff ff ff ff 66 90 48 ff c0 80 3c 02 00 75 f7 48
0x00007ffafbd2e3fa:   63 c8 85 c0 48 8b c2 7e 14 80 38 2f 75 03 c6 00
0x00007ffafbd2e40a:   2e 48 ff c0 48 83 e9 01 75 ef 48 8b c2 c3 cc cc
0x00007ffafbd2e41a:   cc cc cc cc cc cc 48 83 ec 28 e8 f7 fe ff ff 4c 


Stack slot to memory mapping:
stack at sp + 0 slots: 0x0000000000000014 is an unknown value
stack at sp + 1 slots: 0x0000000800105288 is a pointer to class: 
exercisi2.PrintFiles {0x0000000800105290}
 - instance size:     2
 - klass size:        78
 - access:            synchronized 
 - state:             fully_initialized
 - name:              'exercisi2/PrintFiles'
 - super:             'java/lang/Object'
 - sub:               
 - arrays:            NULL
 - methods:           Array<T>(0x000001f6b18453b8)
 - method ordering:   Array<T>(0x000001f6b1845b38)
 - default_methods:   Array<T>(0x0000000000000000)
 - local interfaces:  Array<T>(0x000001f6b1844000)
 - trans. interfaces: Array<T>(0x000001f6b1844000)
 - constants:         constant pool [162] {0x000001f6b1846758} for 'exercisi2/PrintFiles' cache=0x000001f6b1846d28
 - class loader data:  loader data: 0x000001f6b0a346c0 for instance a 'jdk/internal/loader/ClassLoaders$AppClassLoader'{0x0000000711857608}
 - source file:       'DirectoryUtils.java'
 - source debug extension:       SMAP
DirectoryUtils.java
Java
*S jdt
*F
1 DirectoryUtils.java
2 file:/C:/Users/Pol%20de%20la%20Hoz/Documents/BarcelonaActiva/Sprints/S01-DelahozGaigPol/T05N01/bin/
*L
*E

 - class annotations:       Array<T>(0x0000000000000000)
 - class type annotations:  Array<T>(0x0000000000000000)
 - field annotations:       Array<T>(0x0000000000000000)
 - field type annotations:  Array<T>(0x0000000000000000)
 - previous version:  constant pool [158] {0x000001f6b183ba50} for 'exercisi2/PrintFiles' (extra) cache=0x000001f6b18447d8
 - generic signature: '
[error occurred during error reporting (inspecting top of stack), id 0xc0000005, EXCEPTION_ACCESS_VIOLATION (0xc0000005) at pc=0x00007ffafbd2ef36]


---------------  P R O C E S S  ---------------

Threads class SMR info:
_java_thread_list=0x000001f6b10358c0, length=15, elements={
0x000001f68f1ad1b0, 0x000001f6b0810930, 0x000001f6b0811760, 0x000001f6b0860410,
0x000001f6b0860cd0, 0x000001f6b0861680, 0x000001f6b0865530, 0x000001f6b0866120,
0x000001f6b08836b0, 0x000001f6b08a57d0, 0x000001f6b0935830, 0x000001f6b0bba400,
0x000001f6b0b44f50, 0x000001f6b0b45440, 0x000001f6b1093300
}

Java Threads: ( => current thread )
  0x000001f68f1ad1b0 JavaThread "main" [_thread_blocked, id=20980, stack(0x0000000ab4500000,0x0000000ab4600000)]
  0x000001f6b0810930 JavaThread "Reference Handler" daemon [_thread_blocked, id=11928, stack(0x0000000ab4c00000,0x0000000ab4d00000)]
  0x000001f6b0811760 JavaThread "Finalizer" daemon [_thread_blocked, id=15032, stack(0x0000000ab4d00000,0x0000000ab4e00000)]
  0x000001f6b0860410 JavaThread "Signal Dispatcher" daemon [_thread_blocked, id=25580, stack(0x0000000ab4e00000,0x0000000ab4f00000)]
  0x000001f6b0860cd0 JavaThread "Attach Listener" daemon [_thread_blocked, id=6988, stack(0x0000000ab4f00000,0x0000000ab5000000)]
  0x000001f6b0861680 JavaThread "Service Thread" daemon [_thread_blocked, id=25796, stack(0x0000000ab5000000,0x0000000ab5100000)]
  0x000001f6b0865530 JavaThread "Monitor Deflation Thread" daemon [_thread_blocked, id=22796, stack(0x0000000ab5100000,0x0000000ab5200000)]
  0x000001f6b0866120 JavaThread "C2 CompilerThread0" daemon [_thread_blocked, id=16632, stack(0x0000000ab5200000,0x0000000ab5300000)]
  0x000001f6b08836b0 JavaThread "C1 CompilerThread0" daemon [_thread_blocked, id=9196, stack(0x0000000ab5300000,0x0000000ab5400000)]
  0x000001f6b08a57d0 JavaThread "Sweeper thread" daemon [_thread_blocked, id=18308, stack(0x0000000ab5400000,0x0000000ab5500000)]
  0x000001f6b0935830 JavaThread "Common-Cleaner" daemon [_thread_blocked, id=10664, stack(0x0000000ab5500000,0x0000000ab5600000)]
=>0x000001f6b0bba400 JavaThread "JDWP Transport Listener: dt_socket" daemon [_thread_in_vm, id=5524, stack(0x0000000ab5600000,0x0000000ab5700000)]
  0x000001f6b0b44f50 JavaThread "JDWP Event Helper Thread" daemon [_thread_blocked, id=3572, stack(0x0000000ab5700000,0x0000000ab5800000)]
  0x000001f6b0b45440 JavaThread "JDWP Command Reader" daemon [_thread_in_native, id=23104, stack(0x0000000ab5800000,0x0000000ab5900000)]
  0x000001f6b1093300 JavaThread "Notification Thread" daemon [_thread_blocked, id=8256, stack(0x0000000ab5900000,0x0000000ab5a00000)]

Other Threads:
  0x000001f6b080b3c0 VMThread "VM Thread" [stack: 0x0000000ab4b00000,0x0000000ab4c00000] [id=20676]
  0x000001f6b102b990 WatcherThread [stack: 0x0000000ab5a00000,0x0000000ab5b00000] [id=5104]
  0x000001f68f216f60 GCTaskThread "GC Thread#0" [stack: 0x0000000ab4600000,0x0000000ab4700000] [id=20708]
  0x000001f68f15df20 ConcurrentGCThread "G1 Main Marker" [stack: 0x0000000ab4700000,0x0000000ab4800000] [id=6872]
  0x000001f68f225020 ConcurrentGCThread "G1 Conc#0" [stack: 0x0000000ab4800000,0x0000000ab4900000] [id=13704]
  0x000001f68f27dd50 ConcurrentGCThread "G1 Refine#0" [stack: 0x0000000ab4900000,0x0000000ab4a00000] [id=22628]
  0x000001f68f27e610 ConcurrentGCThread "G1 Service" [stack: 0x0000000ab4a00000,0x0000000ab4b00000] [id=4136]

Threads with active compile tasks:

VM state: not at safepoint (normal execution)

VM Mutex/Monitor currently owned by a thread: None

Heap address: 0x0000000701a00000, size: 4070 MB, Compressed Oops mode: Zero based, Oop shift amount: 3

CDS archive(s) not mapped
Compressed class space mapped at: 0x0000000800000000-0x0000000840000000, reserved size: 1073741824
Narrow klass base: 0x0000000800000000, Narrow klass shift: 0, Narrow klass range: 0x40000000

GC Precious Log:
 CPUs: 8 total, 8 available
 Memory: 16275M
 Large Page Support: Disabled
 NUMA Support: Disabled
 Compressed Oops: Enabled (Zero based)
 Heap Region Size: 2M
 Heap Min Capacity: 8M
 Heap Initial Capacity: 256M
 Heap Max Capacity: 4070M
 Pre-touch: Disabled
 Parallel Workers: 8
 Concurrent Workers: 2
 Concurrent Refinement Workers: 8
 Periodic GC: Disabled

Heap:
 garbage-first heap   total 262144K, used 6144K [0x0000000701a00000, 0x0000000800000000)
  region size 2048K, 4 young (8192K), 0 survivors (0K)
 Metaspace       used 10273K, committed 10432K, reserved 1064960K
  class space    used 901K, committed 960K, reserved 1048576K

Heap Regions: E=young(eden), S=young(survivor), O=old, HS=humongous(starts), HC=humongous(continues), CS=collection set, F=free, OA=open archive, CA=closed archive, TAMS=top-at-mark-start (previous, next)
|   0|0x0000000701a00000, 0x0000000701a00000, 0x0000000701c00000|  0%| F|  |TAMS 0x0000000701a00000, 0x0000000701a00000| Untracked 
|   1|0x0000000701c00000, 0x0000000701c00000, 0x0000000701e00000|  0%| F|  |TAMS 0x0000000701c00000, 0x0000000701c00000| Untracked 
|   2|0x0000000701e00000, 0x0000000701e00000, 0x0000000702000000|  0%| F|  |TAMS 0x0000000701e00000, 0x0000000701e00000| Untracked 
|   3|0x0000000702000000, 0x0000000702000000, 0x0000000702200000|  0%| F|  |TAMS 0x0000000702000000, 0x0000000702000000| Untracked 
|   4|0x0000000702200000, 0x0000000702200000, 0x0000000702400000|  0%| F|  |TAMS 0x0000000702200000, 0x0000000702200000| Untracked 
|   5|0x0000000702400000, 0x0000000702400000, 0x0000000702600000|  0%| F|  |TAMS 0x0000000702400000, 0x0000000702400000| Untracked 
|   6|0x0000000702600000, 0x0000000702600000, 0x0000000702800000|  0%| F|  |TAMS 0x0000000702600000, 0x0000000702600000| Untracked 
|   7|0x0000000702800000, 0x0000000702800000, 0x0000000702a00000|  0%| F|  |TAMS 0x0000000702800000, 0x0000000702800000| Untracked 
|   8|0x0000000702a00000, 0x0000000702a00000, 0x0000000702c00000|  0%| F|  |TAMS 0x0000000702a00000, 0x0000000702a00000| Untracked 
|   9|0x0000000702c00000, 0x0000000702c00000, 0x0000000702e00000|  0%| F|  |TAMS 0x0000000702c00000, 0x0000000702c00000| Untracked 
|  10|0x0000000702e00000, 0x0000000702e00000, 0x0000000703000000|  0%| F|  |TAMS 0x0000000702e00000, 0x0000000702e00000| Untracked 
|  11|0x0000000703000000, 0x0000000703000000, 0x0000000703200000|  0%| F|  |TAMS 0x0000000703000000, 0x0000000703000000| Untracked 
|  12|0x0000000703200000, 0x0000000703200000, 0x0000000703400000|  0%| F|  |TAMS 0x0000000703200000, 0x0000000703200000| Untracked 
|  13|0x0000000703400000, 0x0000000703400000, 0x0000000703600000|  0%| F|  |TAMS 0x0000000703400000, 0x0000000703400000| Untracked 
|  14|0x0000000703600000, 0x0000000703600000, 0x0000000703800000|  0%| F|  |TAMS 0x0000000703600000, 0x0000000703600000| Untracked 
|  15|0x0000000703800000, 0x0000000703800000, 0x0000000703a00000|  0%| F|  |TAMS 0x0000000703800000, 0x0000000703800000| Untracked 
|  16|0x0000000703a00000, 0x0000000703a00000, 0x0000000703c00000|  0%| F|  |TAMS 0x0000000703a00000, 0x0000000703a00000| Untracked 
|  17|0x0000000703c00000, 0x0000000703c00000, 0x0000000703e00000|  0%| F|  |TAMS 0x0000000703c00000, 0x0000000703c00000| Untracked 
|  18|0x0000000703e00000, 0x0000000703e00000, 0x0000000704000000|  0%| F|  |TAMS 0x0000000703e00000, 0x0000000703e00000| Untracked 
|  19|0x0000000704000000, 0x0000000704000000, 0x0000000704200000|  0%| F|  |TAMS 0x0000000704000000, 0x0000000704000000| Untracked 
|  20|0x0000000704200000, 0x0000000704200000, 0x0000000704400000|  0%| F|  |TAMS 0x0000000704200000, 0x0000000704200000| Untracked 
|  21|0x0000000704400000, 0x0000000704400000, 0x0000000704600000|  0%| F|  |TAMS 0x0000000704400000, 0x0000000704400000| Untracked 
|  22|0x0000000704600000, 0x0000000704600000, 0x0000000704800000|  0%| F|  |TAMS 0x0000000704600000, 0x0000000704600000| Untracked 
|  23|0x0000000704800000, 0x0000000704800000, 0x0000000704a00000|  0%| F|  |TAMS 0x0000000704800000, 0x0000000704800000| Untracked 
|  24|0x0000000704a00000, 0x0000000704a00000, 0x0000000704c00000|  0%| F|  |TAMS 0x0000000704a00000, 0x0000000704a00000| Untracked 
|  25|0x0000000704c00000, 0x0000000704c00000, 0x0000000704e00000|  0%| F|  |TAMS 0x0000000704c00000, 0x0000000704c00000| Untracked 
|  26|0x0000000704e00000, 0x0000000704e00000, 0x0000000705000000|  0%| F|  |TAMS 0x0000000704e00000, 0x0000000704e00000| Untracked 
|  27|0x0000000705000000, 0x0000000705000000, 0x0000000705200000|  0%| F|  |TAMS 0x0000000705000000, 0x0000000705000000| Untracked 
|  28|0x0000000705200000, 0x0000000705200000, 0x0000000705400000|  0%| F|  |TAMS 0x0000000705200000, 0x0000000705200000| Untracked 
|  29|0x0000000705400000, 0x0000000705400000, 0x0000000705600000|  0%| F|  |TAMS 0x0000000705400000, 0x0000000705400000| Untracked 
|  30|0x0000000705600000, 0x0000000705600000, 0x0000000705800000|  0%| F|  |TAMS 0x0000000705600000, 0x0000000705600000| Untracked 
|  31|0x0000000705800000, 0x0000000705800000, 0x0000000705a00000|  0%| F|  |TAMS 0x0000000705800000, 0x0000000705800000| Untracked 
|  32|0x0000000705a00000, 0x0000000705a00000, 0x0000000705c00000|  0%| F|  |TAMS 0x0000000705a00000, 0x0000000705a00000| Untracked 
|  33|0x0000000705c00000, 0x0000000705c00000, 0x0000000705e00000|  0%| F|  |TAMS 0x0000000705c00000, 0x0000000705c00000| Untracked 
|  34|0x0000000705e00000, 0x0000000705e00000, 0x0000000706000000|  0%| F|  |TAMS 0x0000000705e00000, 0x0000000705e00000| Untracked 
|  35|0x0000000706000000, 0x0000000706000000, 0x0000000706200000|  0%| F|  |TAMS 0x0000000706000000, 0x0000000706000000| Untracked 
|  36|0x0000000706200000, 0x0000000706200000, 0x0000000706400000|  0%| F|  |TAMS 0x0000000706200000, 0x0000000706200000| Untracked 
|  37|0x0000000706400000, 0x0000000706400000, 0x0000000706600000|  0%| F|  |TAMS 0x0000000706400000, 0x0000000706400000| Untracked 
|  38|0x0000000706600000, 0x0000000706600000, 0x0000000706800000|  0%| F|  |TAMS 0x0000000706600000, 0x0000000706600000| Untracked 
|  39|0x0000000706800000, 0x0000000706800000, 0x0000000706a00000|  0%| F|  |TAMS 0x0000000706800000, 0x0000000706800000| Untracked 
|  40|0x0000000706a00000, 0x0000000706a00000, 0x0000000706c00000|  0%| F|  |TAMS 0x0000000706a00000, 0x0000000706a00000| Untracked 
|  41|0x0000000706c00000, 0x0000000706c00000, 0x0000000706e00000|  0%| F|  |TAMS 0x0000000706c00000, 0x0000000706c00000| Untracked 
|  42|0x0000000706e00000, 0x0000000706e00000, 0x0000000707000000|  0%| F|  |TAMS 0x0000000706e00000, 0x0000000706e00000| Untracked 
|  43|0x0000000707000000, 0x0000000707000000, 0x0000000707200000|  0%| F|  |TAMS 0x0000000707000000, 0x0000000707000000| Untracked 
|  44|0x0000000707200000, 0x0000000707200000, 0x0000000707400000|  0%| F|  |TAMS 0x0000000707200000, 0x0000000707200000| Untracked 
|  45|0x0000000707400000, 0x0000000707400000, 0x0000000707600000|  0%| F|  |TAMS 0x0000000707400000, 0x0000000707400000| Untracked 
|  46|0x0000000707600000, 0x0000000707600000, 0x0000000707800000|  0%| F|  |TAMS 0x0000000707600000, 0x0000000707600000| Untracked 
|  47|0x0000000707800000, 0x0000000707800000, 0x0000000707a00000|  0%| F|  |TAMS 0x0000000707800000, 0x0000000707800000| Untracked 
|  48|0x0000000707a00000, 0x0000000707a00000, 0x0000000707c00000|  0%| F|  |TAMS 0x0000000707a00000, 0x0000000707a00000| Untracked 
|  49|0x0000000707c00000, 0x0000000707c00000, 0x0000000707e00000|  0%| F|  |TAMS 0x0000000707c00000, 0x0000000707c00000| Untracked 
|  50|0x0000000707e00000, 0x0000000707e00000, 0x0000000708000000|  0%| F|  |TAMS 0x0000000707e00000, 0x0000000707e00000| Untracked 
|  51|0x0000000708000000, 0x0000000708000000, 0x0000000708200000|  0%| F|  |TAMS 0x0000000708000000, 0x0000000708000000| Untracked 
|  52|0x0000000708200000, 0x0000000708200000, 0x0000000708400000|  0%| F|  |TAMS 0x0000000708200000, 0x0000000708200000| Untracked 
|  53|0x0000000708400000, 0x0000000708400000, 0x0000000708600000|  0%| F|  |TAMS 0x0000000708400000, 0x0000000708400000| Untracked 
|  54|0x0000000708600000, 0x0000000708600000, 0x0000000708800000|  0%| F|  |TAMS 0x0000000708600000, 0x0000000708600000| Untracked 
|  55|0x0000000708800000, 0x0000000708800000, 0x0000000708a00000|  0%| F|  |TAMS 0x0000000708800000, 0x0000000708800000| Untracked 
|  56|0x0000000708a00000, 0x0000000708a00000, 0x0000000708c00000|  0%| F|  |TAMS 0x0000000708a00000, 0x0000000708a00000| Untracked 
|  57|0x0000000708c00000, 0x0000000708c00000, 0x0000000708e00000|  0%| F|  |TAMS 0x0000000708c00000, 0x0000000708c00000| Untracked 
|  58|0x0000000708e00000, 0x0000000708e00000, 0x0000000709000000|  0%| F|  |TAMS 0x0000000708e00000, 0x0000000708e00000| Untracked 
|  59|0x0000000709000000, 0x0000000709000000, 0x0000000709200000|  0%| F|  |TAMS 0x0000000709000000, 0x0000000709000000| Untracked 
|  60|0x0000000709200000, 0x0000000709200000, 0x0000000709400000|  0%| F|  |TAMS 0x0000000709200000, 0x0000000709200000| Untracked 
|  61|0x0000000709400000, 0x0000000709400000, 0x0000000709600000|  0%| F|  |TAMS 0x0000000709400000, 0x0000000709400000| Untracked 
|  62|0x0000000709600000, 0x0000000709600000, 0x0000000709800000|  0%| F|  |TAMS 0x0000000709600000, 0x0000000709600000| Untracked 
|  63|0x0000000709800000, 0x0000000709800000, 0x0000000709a00000|  0%| F|  |TAMS 0x0000000709800000, 0x0000000709800000| Untracked 
|  64|0x0000000709a00000, 0x0000000709a00000, 0x0000000709c00000|  0%| F|  |TAMS 0x0000000709a00000, 0x0000000709a00000| Untracked 
|  65|0x0000000709c00000, 0x0000000709c00000, 0x0000000709e00000|  0%| F|  |TAMS 0x0000000709c00000, 0x0000000709c00000| Untracked 
|  66|0x0000000709e00000, 0x0000000709e00000, 0x000000070a000000|  0%| F|  |TAMS 0x0000000709e00000, 0x0000000709e00000| Untracked 
|  67|0x000000070a000000, 0x000000070a000000, 0x000000070a200000|  0%| F|  |TAMS 0x000000070a000000, 0x000000070a000000| Untracked 
|  68|0x000000070a200000, 0x000000070a200000, 0x000000070a400000|  0%| F|  |TAMS 0x000000070a200000, 0x000000070a200000| Untracked 
|  69|0x000000070a400000, 0x000000070a400000, 0x000000070a600000|  0%| F|  |TAMS 0x000000070a400000, 0x000000070a400000| Untracked 
|  70|0x000000070a600000, 0x000000070a600000, 0x000000070a800000|  0%| F|  |TAMS 0x000000070a600000, 0x000000070a600000| Untracked 
|  71|0x000000070a800000, 0x000000070a800000, 0x000000070aa00000|  0%| F|  |TAMS 0x000000070a800000, 0x000000070a800000| Untracked 
|  72|0x000000070aa00000, 0x000000070aa00000, 0x000000070ac00000|  0%| F|  |TAMS 0x000000070aa00000, 0x000000070aa00000| Untracked 
|  73|0x000000070ac00000, 0x000000070ac00000, 0x000000070ae00000|  0%| F|  |TAMS 0x000000070ac00000, 0x000000070ac00000| Untracked 
|  74|0x000000070ae00000, 0x000000070ae00000, 0x000000070b000000|  0%| F|  |TAMS 0x000000070ae00000, 0x000000070ae00000| Untracked 
|  75|0x000000070b000000, 0x000000070b000000, 0x000000070b200000|  0%| F|  |TAMS 0x000000070b000000, 0x000000070b000000| Untracked 
|  76|0x000000070b200000, 0x000000070b200000, 0x000000070b400000|  0%| F|  |TAMS 0x000000070b200000, 0x000000070b200000| Untracked 
|  77|0x000000070b400000, 0x000000070b400000, 0x000000070b600000|  0%| F|  |TAMS 0x000000070b400000, 0x000000070b400000| Untracked 
|  78|0x000000070b600000, 0x000000070b600000, 0x000000070b800000|  0%| F|  |TAMS 0x000000070b600000, 0x000000070b600000| Untracked 
|  79|0x000000070b800000, 0x000000070b800000, 0x000000070ba00000|  0%| F|  |TAMS 0x000000070b800000, 0x000000070b800000| Untracked 
|  80|0x000000070ba00000, 0x000000070ba00000, 0x000000070bc00000|  0%| F|  |TAMS 0x000000070ba00000, 0x000000070ba00000| Untracked 
|  81|0x000000070bc00000, 0x000000070bc00000, 0x000000070be00000|  0%| F|  |TAMS 0x000000070bc00000, 0x000000070bc00000| Untracked 
|  82|0x000000070be00000, 0x000000070be00000, 0x000000070c000000|  0%| F|  |TAMS 0x000000070be00000, 0x000000070be00000| Untracked 
|  83|0x000000070c000000, 0x000000070c000000, 0x000000070c200000|  0%| F|  |TAMS 0x000000070c000000, 0x000000070c000000| Untracked 
|  84|0x000000070c200000, 0x000000070c200000, 0x000000070c400000|  0%| F|  |TAMS 0x000000070c200000, 0x000000070c200000| Untracked 
|  85|0x000000070c400000, 0x000000070c400000, 0x000000070c600000|  0%| F|  |TAMS 0x000000070c400000, 0x000000070c400000| Untracked 
|  86|0x000000070c600000, 0x000000070c600000, 0x000000070c800000|  0%| F|  |TAMS 0x000000070c600000, 0x000000070c600000| Untracked 
|  87|0x000000070c800000, 0x000000070c800000, 0x000000070ca00000|  0%| F|  |TAMS 0x000000070c800000, 0x000000070c800000| Untracked 
|  88|0x000000070ca00000, 0x000000070ca00000, 0x000000070cc00000|  0%| F|  |TAMS 0x000000070ca00000, 0x000000070ca00000| Untracked 
|  89|0x000000070cc00000, 0x000000070cc00000, 0x000000070ce00000|  0%| F|  |TAMS 0x000000070cc00000, 0x000000070cc00000| Untracked 
|  90|0x000000070ce00000, 0x000000070ce00000, 0x000000070d000000|  0%| F|  |TAMS 0x000000070ce00000, 0x000000070ce00000| Untracked 
|  91|0x000000070d000000, 0x000000070d000000, 0x000000070d200000|  0%| F|  |TAMS 0x000000070d000000, 0x000000070d000000| Untracked 
|  92|0x000000070d200000, 0x000000070d200000, 0x000000070d400000|  0%| F|  |TAMS 0x000000070d200000, 0x000000070d200000| Untracked 
|  93|0x000000070d400000, 0x000000070d400000, 0x000000070d600000|  0%| F|  |TAMS 0x000000070d400000, 0x000000070d400000| Untracked 
|  94|0x000000070d600000, 0x000000070d600000, 0x000000070d800000|  0%| F|  |TAMS 0x000000070d600000, 0x000000070d600000| Untracked 
|  95|0x000000070d800000, 0x000000070d800000, 0x000000070da00000|  0%| F|  |TAMS 0x000000070d800000, 0x000000070d800000| Untracked 
|  96|0x000000070da00000, 0x000000070da00000, 0x000000070dc00000|  0%| F|  |TAMS 0x000000070da00000, 0x000000070da00000| Untracked 
|  97|0x000000070dc00000, 0x000000070dc00000, 0x000000070de00000|  0%| F|  |TAMS 0x000000070dc00000, 0x000000070dc00000| Untracked 
|  98|0x000000070de00000, 0x000000070de00000, 0x000000070e000000|  0%| F|  |TAMS 0x000000070de00000, 0x000000070de00000| Untracked 
|  99|0x000000070e000000, 0x000000070e000000, 0x000000070e200000|  0%| F|  |TAMS 0x000000070e000000, 0x000000070e000000| Untracked 
| 100|0x000000070e200000, 0x000000070e200000, 0x000000070e400000|  0%| F|  |TAMS 0x000000070e200000, 0x000000070e200000| Untracked 
| 101|0x000000070e400000, 0x000000070e400000, 0x000000070e600000|  0%| F|  |TAMS 0x000000070e400000, 0x000000070e400000| Untracked 
| 102|0x000000070e600000, 0x000000070e600000, 0x000000070e800000|  0%| F|  |TAMS 0x000000070e600000, 0x000000070e600000| Untracked 
| 103|0x000000070e800000, 0x000000070e800000, 0x000000070ea00000|  0%| F|  |TAMS 0x000000070e800000, 0x000000070e800000| Untracked 
| 104|0x000000070ea00000, 0x000000070ea00000, 0x000000070ec00000|  0%| F|  |TAMS 0x000000070ea00000, 0x000000070ea00000| Untracked 
| 105|0x000000070ec00000, 0x000000070ec00000, 0x000000070ee00000|  0%| F|  |TAMS 0x000000070ec00000, 0x000000070ec00000| Untracked 
| 106|0x000000070ee00000, 0x000000070ee00000, 0x000000070f000000|  0%| F|  |TAMS 0x000000070ee00000, 0x000000070ee00000| Untracked 
| 107|0x000000070f000000, 0x000000070f000000, 0x000000070f200000|  0%| F|  |TAMS 0x000000070f000000, 0x000000070f000000| Untracked 
| 108|0x000000070f200000, 0x000000070f200000, 0x000000070f400000|  0%| F|  |TAMS 0x000000070f200000, 0x000000070f200000| Untracked 
| 109|0x000000070f400000, 0x000000070f400000, 0x000000070f600000|  0%| F|  |TAMS 0x000000070f400000, 0x000000070f400000| Untracked 
| 110|0x000000070f600000, 0x000000070f600000, 0x000000070f800000|  0%| F|  |TAMS 0x000000070f600000, 0x000000070f600000| Untracked 
| 111|0x000000070f800000, 0x000000070f800000, 0x000000070fa00000|  0%| F|  |TAMS 0x000000070f800000, 0x000000070f800000| Untracked 
| 112|0x000000070fa00000, 0x000000070fa00000, 0x000000070fc00000|  0%| F|  |TAMS 0x000000070fa00000, 0x000000070fa00000| Untracked 
| 113|0x000000070fc00000, 0x000000070fc00000, 0x000000070fe00000|  0%| F|  |TAMS 0x000000070fc00000, 0x000000070fc00000| Untracked 
| 114|0x000000070fe00000, 0x000000070fe00000, 0x0000000710000000|  0%| F|  |TAMS 0x000000070fe00000, 0x000000070fe00000| Untracked 
| 115|0x0000000710000000, 0x0000000710000000, 0x0000000710200000|  0%| F|  |TAMS 0x0000000710000000, 0x0000000710000000| Untracked 
| 116|0x0000000710200000, 0x0000000710200000, 0x0000000710400000|  0%| F|  |TAMS 0x0000000710200000, 0x0000000710200000| Untracked 
| 117|0x0000000710400000, 0x0000000710400000, 0x0000000710600000|  0%| F|  |TAMS 0x0000000710400000, 0x0000000710400000| Untracked 
| 118|0x0000000710600000, 0x0000000710600000, 0x0000000710800000|  0%| F|  |TAMS 0x0000000710600000, 0x0000000710600000| Untracked 
| 119|0x0000000710800000, 0x0000000710800000, 0x0000000710a00000|  0%| F|  |TAMS 0x0000000710800000, 0x0000000710800000| Untracked 
| 120|0x0000000710a00000, 0x0000000710a00000, 0x0000000710c00000|  0%| F|  |TAMS 0x0000000710a00000, 0x0000000710a00000| Untracked 
| 121|0x0000000710c00000, 0x0000000710c00000, 0x0000000710e00000|  0%| F|  |TAMS 0x0000000710c00000, 0x0000000710c00000| Untracked 
| 122|0x0000000710e00000, 0x0000000710e00000, 0x0000000711000000|  0%| F|  |TAMS 0x0000000710e00000, 0x0000000710e00000| Untracked 
| 123|0x0000000711000000, 0x0000000711000000, 0x0000000711200000|  0%| F|  |TAMS 0x0000000711000000, 0x0000000711000000| Untracked 
| 124|0x0000000711200000, 0x0000000711354320, 0x0000000711400000| 66%| E|  |TAMS 0x0000000711200000, 0x0000000711200000| Complete 
| 125|0x0000000711400000, 0x0000000711600000, 0x0000000711600000|100%| E|CS|TAMS 0x0000000711400000, 0x0000000711400000| Complete 
| 126|0x0000000711600000, 0x0000000711800000, 0x0000000711800000|100%| E|CS|TAMS 0x0000000711600000, 0x0000000711600000| Complete 
| 127|0x0000000711800000, 0x0000000711a00000, 0x0000000711a00000|100%| E|CS|TAMS 0x0000000711800000, 0x0000000711800000| Complete 

Card table byte_map: [0x000001f6a42a0000,0x000001f6a4aa0000] _byte_map_base: 0x000001f6a0a93000

Marking Bits (Prev, Next): (CMBitMap*) 0x000001f68f218580, (CMBitMap*) 0x000001f68f2185c0
 Prev Bits: [0x000001f6a52a0000, 0x000001f6a9238000)
 Next Bits: [0x000001f6a9240000, 0x000001f6ad1d8000)

Polling page: 0x000001f68f280000

Metaspace:

Usage:
  Non-class:      9.15 MB used.
      Class:    901.83 KB used.
       Both:     10.03 MB used.

Virtual space:
  Non-class space:       16.00 MB reserved,       9.25 MB ( 58%) committed,  2 nodes.
      Class space:        1.00 GB reserved,     960.00 KB ( <1%) committed,  1 nodes.
             Both:        1.02 GB reserved,      10.19 MB ( <1%) committed. 

Chunk freelists:
   Non-Class:  2.73 MB
       Class:  2.97 MB
        Both:  5.69 MB

MaxMetaspaceSize: unlimited
CompressedClassSpaceSize: 1.00 GB
Initial GC threshold: 21.00 MB
Current GC threshold: 21.00 MB
CDS: off
MetaspaceReclaimPolicy: balanced
 - commit_granule_bytes: 65536.
 - commit_granule_words: 8192.
 - virtual_space_node_default_size: 1048576.
 - enlarge_chunks_in_place: 1.
 - new_chunks_are_fully_committed: 0.
 - uncommit_free_chunks: 1.
 - use_allocation_guard: 0.
 - handle_deallocations: 1.


Internal statistics:

num_allocs_failed_limit: 0.
num_arena_births: 10.
num_arena_deaths: 0.
num_vsnodes_births: 3.
num_vsnodes_deaths: 0.
num_space_committed: 163.
num_space_uncommitted: 0.
num_chunks_returned_to_freelist: 0.
num_chunks_taken_from_freelist: 52.
num_chunk_merges: 0.
num_chunk_splits: 22.
num_chunks_enlarged: 15.
num_purges: 0.
num_inconsistent_stats: 0.

CodeHeap 'non-profiled nmethods': size=120000Kb used=145Kb max_used=145Kb free=119854Kb
 bounds [0x000001f69bb00000, 0x000001f69bd70000, 0x000001f6a3030000]
CodeHeap 'profiled nmethods': size=120000Kb used=698Kb max_used=698Kb free=119301Kb
 bounds [0x000001f6945d0000, 0x000001f694840000, 0x000001f69bb00000]
CodeHeap 'non-nmethods': size=5760Kb used=1208Kb max_used=1223Kb free=4552Kb
 bounds [0x000001f694030000, 0x000001f6942a0000, 0x000001f6945d0000]
 total_blobs=877 nmethods=451 adapters=339
 compilation: enabled
              stopped_count=0, restarted_count=0
 full_count=0

Compilation events (20 events):
Event: 0.417 Thread 0x000001f6b08836b0  444       1       sun.invoke.util.Wrapper::basicTypeChar (5 bytes)
Event: 0.417 Thread 0x000001f6b08836b0 nmethod 444 0x000001f69bb22e10 code [0x000001f69bb22fa0, 0x000001f69bb23078]
Event: 0.417 Thread 0x000001f6b08836b0  443       1       java.lang.invoke.MethodTypeForm::parameterSlotCount (5 bytes)
Event: 0.417 Thread 0x000001f6b08836b0 nmethod 443 0x000001f69bb23110 code [0x000001f69bb232a0, 0x000001f69bb23378]
Event: 5.257 Thread 0x000001f6b08836b0  445       1       java.nio.Buffer::position (5 bytes)
Event: 5.257 Thread 0x000001f6b08836b0 nmethod 445 0x000001f69bb23410 code [0x000001f69bb235a0, 0x000001f69bb23678]
Event: 5.257 Thread 0x000001f6b08836b0  446       1       java.net.URL::getFile (5 bytes)
Event: 5.258 Thread 0x000001f6b08836b0 nmethod 446 0x000001f69bb23710 code [0x000001f69bb238a0, 0x000001f69bb23978]
Event: 5.258 Thread 0x000001f6b08836b0  447       3       org.eclipse.jdt.launching.internal.org.objectweb.asm.SymbolTable::addConstantUtf8 (20 bytes)
Event: 5.258 Thread 0x000001f6b08836b0 nmethod 447 0x000001f69467dc10 code [0x000001f69467dde0, 0x000001f69467e0a8]
Event: 5.262 Thread 0x000001f6b0866120  448       4       java.lang.StringLatin1::lastIndexOf (40 bytes)
Event: 5.264 Thread 0x000001f6b08836b0  449       1       sun.instrument.TransformerManager::getSnapshotTransformerList (5 bytes)
Event: 5.264 Thread 0x000001f6b08836b0 nmethod 449 0x000001f69bb23a10 code [0x000001f69bb23ba0, 0x000001f69bb23c78]
Event: 5.264 Thread 0x000001f6b08836b0  450       1       sun.instrument.TransformerManager$TransformerInfo::transformer (5 bytes)
Event: 5.264 Thread 0x000001f6b08836b0 nmethod 450 0x000001f69bb23d10 code [0x000001f69bb23ea0, 0x000001f69bb23f78]
Event: 5.265 Thread 0x000001f6b0866120 nmethod 448 0x000001f69bb24010 code [0x000001f69bb24180, 0x000001f69bb24358]
Event: 323.435 Thread 0x000001f6b08836b0  452       3       org.eclipse.jdt.launching.internal.org.objectweb.asm.SymbolTable::addConstantUtf8Reference (20 bytes)
Event: 323.435 Thread 0x000001f6b0866120  451       4       java.lang.StringUTF16::compress (50 bytes)
Event: 323.435 Thread 0x000001f6b08836b0 nmethod 452 0x000001f69467e210 code [0x000001f69467e3e0, 0x000001f69467e6a8]
Event: 323.441 Thread 0x000001f6b0866120 


GC Heap History (0 events):
No events

Deoptimization events (20 events):
Event: 0.374 Thread 0x000001f68f1ad1b0 DEOPT PACKING pc=0x000001f694647e54 sp=0x0000000ab45f7c10
Event: 0.374 Thread 0x000001f68f1ad1b0 DEOPT UNPACKING pc=0x000001f694082b43 sp=0x0000000ab45f7078 mode 0
Event: 0.380 Thread 0x000001f68f1ad1b0 DEOPT PACKING pc=0x000001f694647e54 sp=0x0000000ab45f7880
Event: 0.380 Thread 0x000001f68f1ad1b0 DEOPT UNPACKING pc=0x000001f694082b43 sp=0x0000000ab45f6ce8 mode 0
Event: 0.381 Thread 0x000001f68f1ad1b0 DEOPT PACKING pc=0x000001f694647e54 sp=0x0000000ab45f7880
Event: 0.381 Thread 0x000001f68f1ad1b0 DEOPT UNPACKING pc=0x000001f694082b43 sp=0x0000000ab45f6ce8 mode 0
Event: 0.381 Thread 0x000001f68f1ad1b0 DEOPT PACKING pc=0x000001f694647e54 sp=0x0000000ab45f7880
Event: 0.381 Thread 0x000001f68f1ad1b0 DEOPT UNPACKING pc=0x000001f694082b43 sp=0x0000000ab45f6ce8 mode 0
Event: 0.381 Thread 0x000001f68f1ad1b0 DEOPT PACKING pc=0x000001f694647e54 sp=0x0000000ab45f7880
Event: 0.381 Thread 0x000001f68f1ad1b0 DEOPT UNPACKING pc=0x000001f694082b43 sp=0x0000000ab45f6ce8 mode 0
Event: 0.407 Thread 0x000001f68f1ad1b0 Uncommon trap: trap_request=0xffffff45 fr.pc=0x000001f69bb085c0 relative=0x00000000000001c0
Event: 0.407 Thread 0x000001f68f1ad1b0 Uncommon trap: reason=unstable_if action=reinterpret pc=0x000001f69bb085c0 method=java.lang.String.isLatin1()Z @ 10 c2
Event: 0.407 Thread 0x000001f68f1ad1b0 DEOPT PACKING pc=0x000001f69bb085c0 sp=0x0000000ab45fc530
Event: 0.407 Thread 0x000001f68f1ad1b0 DEOPT UNPACKING pc=0x000001f6940823a3 sp=0x0000000ab45fc468 mode 2
Event: 0.411 Thread 0x000001f68f1ad1b0 Uncommon trap: trap_request=0xffffff45 fr.pc=0x000001f69bb124c8 relative=0x0000000000000048
Event: 0.411 Thread 0x000001f68f1ad1b0 Uncommon trap: reason=unstable_if action=reinterpret pc=0x000001f69bb124c8 method=java.lang.CharacterData.of(I)Ljava/lang/CharacterData; @ 4 c2
Event: 0.411 Thread 0x000001f68f1ad1b0 DEOPT PACKING pc=0x000001f69bb124c8 sp=0x0000000ab45fe4e0
Event: 0.411 Thread 0x000001f68f1ad1b0 DEOPT UNPACKING pc=0x000001f6940823a3 sp=0x0000000ab45fe480 mode 2
Event: 5.262 Thread 0x000001f68f1ad1b0 DEOPT PACKING pc=0x000001f69462279f sp=0x0000000ab45fe050
Event: 5.262 Thread 0x000001f68f1ad1b0 DEOPT UNPACKING pc=0x000001f694082b43 sp=0x0000000ab45fd4e8 mode 0

Classes unloaded (0 events):
No events

Classes redefined (1 events):
Event: 323.436 Thread 0x000001f6b080b3c0 redefined class name=exercisi2.PrintFiles, count=1

Internal exceptions (0 events):
No events

VM Operations (20 events):
Event: 5.261 Executing VM operation: ChangeBreakpoints
Event: 5.261 Executing VM operation: ChangeBreakpoints done
Event: 5.286 Executing VM operation: get/set locals
Event: 5.286 Executing VM operation: get/set locals done
Event: 5.287 Executing VM operation: get/set locals
Event: 5.287 Executing VM operation: get/set locals done
Event: 323.432 Executing VM operation: ChangeSingleStep
Event: 323.432 Executing VM operation: ChangeSingleStep done
Event: 323.433 Executing VM operation: ChangeSingleStep
Event: 323.433 Executing VM operation: ChangeSingleStep done
Event: 323.435 Executing VM operation: RedefineClasses
Event: 323.437 Executing VM operation: RedefineClasses done
Event: 323.442 Executing VM operation: ChangeBreakpoints
Event: 323.442 Executing VM operation: ChangeBreakpoints done
Event: 323.444 Executing VM operation: ChangeSingleStep
Event: 323.444 Executing VM operation: ChangeSingleStep done
Event: 323.444 Executing VM operation: get/set locals
Event: 323.444 Executing VM operation: get/set locals done
Event: 323.445 Executing VM operation: ChangeSingleStep
Event: 323.445 Executing VM operation: ChangeSingleStep done

Events (20 events):
Event: 5.263 loading class java/nio/file/FileTreeWalker$1
Event: 5.263 loading class java/nio/file/FileTreeWalker$1 done
Event: 5.263 loading class java/nio/file/Files$AcceptAllFilter
Event: 5.263 loading class java/nio/file/DirectoryStream$Filter
Event: 5.263 loading class java/nio/file/DirectoryStream$Filter done
Event: 5.263 loading class java/nio/file/Files$AcceptAllFilter done
Event: 5.263 loading class sun/nio/fs/WindowsDirectoryStream
Event: 5.263 loading class java/nio/file/DirectoryStream
Event: 5.263 loading class java/nio/file/DirectoryStream done
Event: 5.263 loading class sun/nio/fs/WindowsDirectoryStream done
Event: 5.263 loading class java/nio/file/FileTreeWalker$DirectoryNode
Event: 5.263 loading class java/nio/file/FileTreeWalker$DirectoryNode done
Event: 5.263 loading class sun/nio/fs/WindowsDirectoryStream$WindowsDirectoryIterator
Event: 5.264 loading class sun/nio/fs/WindowsDirectoryStream$WindowsDirectoryIterator done
Event: 5.264 loading class java/nio/file/FileTreeWalker$Event
Event: 5.264 loading class java/nio/file/FileTreeWalker$Event done
Event: 5.264 loading class java/nio/file/FileTreeWalker$EventType
Event: 5.264 loading class java/nio/file/FileTreeWalker$EventType done
Event: 5.264 loading class java/nio/file/Files$3
Event: 5.264 loading class java/nio/file/Files$3 done


Dynamic libraries:
0x00007ff79c5b0000 - 0x00007ff79c5be000 	C:\Users\Pol de la Hoz\.p2\pool\plugins\org.eclipse.justj.openjdk.hotspot.jre.full.win32.x86_64_17.0.3.v20220515-1416\jre\bin\javaw.exe
0x00007ffba78e0000 - 0x00007ffba7ae9000 	C:\WINDOWS\SYSTEM32\ntdll.dll
0x00007ffba6030000 - 0x00007ffba60ee000 	C:\WINDOWS\System32\KERNEL32.DLL
0x00007ffba5250000 - 0x00007ffba55cb000 	C:\WINDOWS\System32\KERNELBASE.dll
0x00007ffba4f50000 - 0x00007ffba5061000 	C:\WINDOWS\System32\ucrtbase.dll
0x00007ffb9bc40000 - 0x00007ffb9bc59000 	C:\Users\Pol de la Hoz\.p2\pool\plugins\org.eclipse.justj.openjdk.hotspot.jre.full.win32.x86_64_17.0.3.v20220515-1416\jre\bin\VCRUNTIME140.dll
0x00007ffb9bc60000 - 0x00007ffb9bc78000 	C:\Users\Pol de la Hoz\.p2\pool\plugins\org.eclipse.justj.openjdk.hotspot.jre.full.win32.x86_64_17.0.3.v20220515-1416\jre\bin\jli.dll
0x00007ffba6e80000 - 0x00007ffba702d000 	C:\WINDOWS\System32\USER32.dll
0x00007ffba4db0000 - 0x00007ffba4dd6000 	C:\WINDOWS\System32\win32u.dll
0x00007ffba60f0000 - 0x00007ffba6119000 	C:\WINDOWS\System32\GDI32.dll
0x00007ffba55d0000 - 0x00007ffba56e8000 	C:\WINDOWS\System32\gdi32full.dll
0x00007ffb907b0000 - 0x00007ffb90a55000 	C:\WINDOWS\WinSxS\amd64_microsoft.windows.common-controls_6595b64144ccf1df_6.0.22000.120_none_9d947278b86cc467\COMCTL32.dll
0x00007ffba5130000 - 0x00007ffba51cd000 	C:\WINDOWS\System32\msvcp_win.dll
0x00007ffba5e90000 - 0x00007ffba5f33000 	C:\WINDOWS\System32\msvcrt.dll
0x00007ffba62c0000 - 0x00007ffba62f2000 	C:\WINDOWS\System32\IMM32.DLL
0x00007ffb9bc30000 - 0x00007ffb9bc3c000 	C:\Users\Pol de la Hoz\.p2\pool\plugins\org.eclipse.justj.openjdk.hotspot.jre.full.win32.x86_64_17.0.3.v20220515-1416\jre\bin\vcruntime140_1.dll
0x00007ffb78e10000 - 0x00007ffb78ea1000 	C:\Users\Pol de la Hoz\.p2\pool\plugins\org.eclipse.justj.openjdk.hotspot.jre.full.win32.x86_64_17.0.3.v20220515-1416\jre\bin\msvcp140.dll
0x00007ffafb590000 - 0x00007ffafc1d8000 	C:\Users\Pol de la Hoz\.p2\pool\plugins\org.eclipse.justj.openjdk.hotspot.jre.full.win32.x86_64_17.0.3.v20220515-1416\jre\bin\server\jvm.dll
0x00007ffba6120000 - 0x00007ffba61ce000 	C:\WINDOWS\System32\ADVAPI32.dll
0x00007ffba5950000 - 0x00007ffba59ee000 	C:\WINDOWS\System32\sechost.dll
0x00007ffba5d70000 - 0x00007ffba5e90000 	C:\WINDOWS\System32\RPCRT4.dll
0x00007ffba5fa0000 - 0x00007ffba5fa8000 	C:\WINDOWS\System32\PSAPI.DLL
0x00007ffb980f0000 - 0x00007ffb98123000 	C:\WINDOWS\SYSTEM32\WINMM.dll
0x00007ffb7e750000 - 0x00007ffb7e759000 	C:\WINDOWS\SYSTEM32\WSOCK32.dll
0x00007ffba5fb0000 - 0x00007ffba601f000 	C:\WINDOWS\System32\WS2_32.dll
0x00007ffba3ac0000 - 0x00007ffba3aca000 	C:\WINDOWS\SYSTEM32\VERSION.dll
0x00007ffba3ea0000 - 0x00007ffba3eb8000 	C:\WINDOWS\SYSTEM32\kernel.appcore.dll
0x00007ffb9bb90000 - 0x00007ffb9bb9a000 	C:\Users\Pol de la Hoz\.p2\pool\plugins\org.eclipse.justj.openjdk.hotspot.jre.full.win32.x86_64_17.0.3.v20220515-1416\jre\bin\jimage.dll
0x00007ffba2810000 - 0x00007ffba2a31000 	C:\WINDOWS\SYSTEM32\DBGHELP.DLL
0x00007ffb7e840000 - 0x00007ffb7e871000 	C:\WINDOWS\SYSTEM32\dbgcore.DLL
0x00007ffba51d0000 - 0x00007ffba524f000 	C:\WINDOWS\System32\bcryptPrimitives.dll
0x00007ffb8f140000 - 0x00007ffb8f17b000 	C:\Users\Pol de la Hoz\.p2\pool\plugins\org.eclipse.justj.openjdk.hotspot.jre.full.win32.x86_64_17.0.3.v20220515-1416\jre\bin\jdwp.dll
0x00007ffb9bc20000 - 0x00007ffb9bc2e000 	C:\Users\Pol de la Hoz\.p2\pool\plugins\org.eclipse.justj.openjdk.hotspot.jre.full.win32.x86_64_17.0.3.v20220515-1416\jre\bin\instrument.dll
0x00007ffb9bb60000 - 0x00007ffb9bb85000 	C:\Users\Pol de la Hoz\.p2\pool\plugins\org.eclipse.justj.openjdk.hotspot.jre.full.win32.x86_64_17.0.3.v20220515-1416\jre\bin\java.dll
0x00007ffb9bb40000 - 0x00007ffb9bb58000 	C:\Users\Pol de la Hoz\.p2\pool\plugins\org.eclipse.justj.openjdk.hotspot.jre.full.win32.x86_64_17.0.3.v20220515-1416\jre\bin\zip.dll
0x00007ffba70e0000 - 0x00007ffba7897000 	C:\WINDOWS\System32\SHELL32.dll
0x00007ffba31b0000 - 0x00007ffba3a15000 	C:\WINDOWS\SYSTEM32\windows.storage.dll
0x00007ffba59f0000 - 0x00007ffba5d68000 	C:\WINDOWS\System32\combase.dll
0x00007ffba3040000 - 0x00007ffba31a6000 	C:\WINDOWS\SYSTEM32\wintypes.dll
0x00007ffba6630000 - 0x00007ffba671a000 	C:\WINDOWS\System32\SHCORE.dll
0x00007ffba5880000 - 0x00007ffba58dd000 	C:\WINDOWS\System32\shlwapi.dll
0x00007ffba4ce0000 - 0x00007ffba4d01000 	C:\WINDOWS\SYSTEM32\profapi.dll
0x00007ffb8e590000 - 0x00007ffb8e59c000 	C:\Users\Pol de la Hoz\.p2\pool\plugins\org.eclipse.justj.openjdk.hotspot.jre.full.win32.x86_64_17.0.3.v20220515-1416\jre\bin\dt_socket.dll
0x00007ffba2ec0000 - 0x00007ffba2eed000 	C:\WINDOWS\SYSTEM32\IPHLPAPI.DLL
0x00007ffba43c0000 - 0x00007ffba4427000 	C:\WINDOWS\system32\mswsock.dll
0x00007ffba2ef0000 - 0x00007ffba2fd8000 	C:\WINDOWS\SYSTEM32\DNSAPI.dll
0x00007ffba6020000 - 0x00007ffba6029000 	C:\WINDOWS\System32\NSI.dll
0x00007ffb91090000 - 0x00007ffb9109a000 	C:\Windows\System32\rasadhlp.dll
0x00007ffb94710000 - 0x00007ffb94791000 	C:\WINDOWS\System32\fwpuclnt.dll
0x00007ffb9bb20000 - 0x00007ffb9bb39000 	C:\Users\Pol de la Hoz\.p2\pool\plugins\org.eclipse.justj.openjdk.hotspot.jre.full.win32.x86_64_17.0.3.v20220515-1416\jre\bin\net.dll
0x00007ffb98440000 - 0x00007ffb98554000 	C:\WINDOWS\SYSTEM32\WINHTTP.dll
0x00007ffb9bbb0000 - 0x00007ffb9bbc5000 	C:\Users\Pol de la Hoz\.p2\pool\plugins\org.eclipse.justj.openjdk.hotspot.jre.full.win32.x86_64_17.0.3.v20220515-1416\jre\bin\nio.dll
0x00007ffb9bba0000 - 0x00007ffb9bbb0000 	C:\Users\Pol de la Hoz\.p2\pool\plugins\org.eclipse.justj.openjdk.hotspot.jre.full.win32.x86_64_17.0.3.v20220515-1416\jre\bin\verify.dll

dbghelp: loaded successfully - version: 4.0.5 - missing functions: none
symbol engine: initialized successfully - sym options: 0x614 - pdb path: .;C:\Users\Pol de la Hoz\.p2\pool\plugins\org.eclipse.justj.openjdk.hotspot.jre.full.win32.x86_64_17.0.3.v20220515-1416\jre\bin;C:\WINDOWS\SYSTEM32;C:\WINDOWS\WinSxS\amd64_microsoft.windows.common-controls_6595b64144ccf1df_6.0.22000.120_none_9d947278b86cc467;C:\Users\Pol de la Hoz\.p2\pool\plugins\org.eclipse.justj.openjdk.hotspot.jre.full.win32.x86_64_17.0.3.v20220515-1416\jre\bin\server

VM Arguments:
jvm_args: -XX:+ShowCodeDetailsInExceptionMessages -agentlib:jdwp=transport=dt_socket,suspend=y,address=localhost:51778 -javaagent:C:\Users\Pol de la Hoz\eclipse\java-2022-06\eclipse\configuration\org.eclipse.osgi\215\0\.cp\lib\javaagent-shaded.jar -Dfile.encoding=UTF-8 
java_command: exercisi2.Main
java_class_path (initial): C:\Users\Pol de la Hoz\Documents\BarcelonaActiva\Sprints\S01-DelahozGaigPol\T05N01\bin
Launcher Type: SUN_STANDARD

[Global flags]
     intx CICompilerCount                          = 4                                         {product} {ergonomic}
     uint ConcGCThreads                            = 2                                         {product} {ergonomic}
     uint G1ConcRefinementThreads                  = 8                                         {product} {ergonomic}
   size_t G1HeapRegionSize                         = 2097152                                   {product} {ergonomic}
    uintx GCDrainStackTargetSize                   = 64                                        {product} {ergonomic}
   size_t InitialHeapSize                          = 268435456                                 {product} {ergonomic}
   size_t MarkStackSize                            = 4194304                                   {product} {ergonomic}
   size_t MaxHeapSize                              = 4267704320                                {product} {ergonomic}
   size_t MaxNewSize                               = 2560622592                                {product} {ergonomic}
   size_t MinHeapDeltaBytes                        = 2097152                                   {product} {ergonomic}
   size_t MinHeapSize                              = 8388608                                   {product} {ergonomic}
    uintx NonNMethodCodeHeapSize                   = 5839372                                {pd product} {ergonomic}
    uintx NonProfiledCodeHeapSize                  = 122909434                              {pd product} {ergonomic}
    uintx ProfiledCodeHeapSize                     = 122909434                              {pd product} {ergonomic}
    uintx ReservedCodeCacheSize                    = 251658240                              {pd product} {ergonomic}
     bool SegmentedCodeCache                       = true                                      {product} {ergonomic}
     bool ShowCodeDetailsInExceptionMessages       = true                                   {manageable} {command line}
   size_t SoftMaxHeapSize                          = 4267704320                             {manageable} {ergonomic}
     bool UseCompressedClassPointers               = true                           {product lp64_product} {ergonomic}
     bool UseCompressedOops                        = true                           {product lp64_product} {ergonomic}
     bool UseG1GC                                  = true                                      {product} {ergonomic}
     bool UseLargePagesIndividualAllocation        = false                                  {pd product} {ergonomic}

Logging:
Log output configuration:
 #0: stdout all=warning uptime,level,tags
 #1: stderr all=off uptime,level,tags

Environment Variables:
PATH=C:\Users\Pol de la Hoz\.p2\pool\plugins\org.eclipse.justj.openjdk.hotspot.jre.full.win32.x86_64_17.0.3.v20220515-1416\jre\bin;C:/Users/Pol de la Hoz/.p2/pool/plugins/org.eclipse.justj.openjdk.hotspot.jre.full.win32.x86_64_17.0.3.v20220515-1416/jre/bin/server;C:/Users/Pol de la Hoz/.p2/pool/plugins/org.eclipse.justj.openjdk.hotspot.jre.full.win32.x86_64_17.0.3.v20220515-1416/jre/bin;C:\Program Files (x86)\VMware\VMware Player\bin\;C:\Program Files (x86)\Common Files\Intel\Shared Libraries\redist\intel64\compiler;C:\Program Files (x86)\Common Files\Oracle\Java\javapath;C:\WINDOWS\system32;C:\WINDOWS;C:\WINDOWS\System32\Wbem;C:\WINDOWS\System32\WindowsPowerShell\v1.0\;C:\Program Files\Microsoft SQL Server\Client SDK\ODBC\130\Tools\Binn\;C:\Program Files (x86)\Microsoft SQL Server\140\Tools\Binn\;C:\Program Files\Microsoft SQL Server\140\Tools\Binn\;C:\Program Files\Microsoft SQL Server\140\DTS\Binn\;C:\Program Files\dotnet\;C:\Program Files\nodejs\;C:\WINDOWS\System32\OpenSSH\;C:\Program Files\Microsoft SQL Server\130\Tools\Binn\;C:\Program Files (x86)\Microsoft SQL Server\Client SDK\ODBC\130\Tools\Binn\;C:\Program Files (x86)\Microsoft SQL Server\140\DTS\Binn\;C:\Program Files (x86)\Microsoft SQL Server\140\Tools\Binn\ManagementStudio\;C:\Program Files\PuTTY\;C:\Program Files (x86)\Intel\Intel(R) Management Engine Components\DAL;C:\Program Files\Intel\Intel(R) Management Engine Components\DAL;C:\Program Files\Intel\WiFi\bin\;C:\Program Files\Common Files\Intel\WirelessCommon\;C:\Program Files\Microsoft SQL Server\Client SDK\ODBC\170\Tools\Binn\;C:\xampp\php;C:\ProgramData\ComposerSetup\bin;C:\Program Files (x86)\AOMEI Backupper;C:\ProgramData\chocolatey\bin;C:\Program Files\Git\cmd;C:\Program Files (x86)\Pulse Secure\VC142.CRT\X64\;C:\Program Files (x86)\Pulse Secure\VC142.CRT\X86\;C:\Users\Pol de la Hoz\AppData\Local\Microsoft\WindowsApps;C:\Users\Pol de la Hoz\.dotnet\tools;C:\Users\Pol de la Hoz\AppData\Roaming\npm;C:\Users\Pol de la Hoz\AppData\Local\Microsoft\W
USERNAME=Pol de la Hoz
OS=Windows_NT
PROCESSOR_IDENTIFIER=Intel64 Family 6 Model 142 Stepping 10, GenuineIntel



---------------  S Y S T E M  ---------------

OS:
 Windows 11 , 64 bit Build 22000 (10.0.22000.1335)
OS uptime: 0 days 3:43 hours

CPU: total 8 (initial active 8) (4 cores per cpu, 2 threads per core) family 6 model 142 stepping 10 microcode 0xea, cx8, cmov, fxsr, ht, mmx, 3dnowpref, sse, sse2, sse3, ssse3, sse4.1, sse4.2, popcnt, lzcnt, tsc, tscinvbit, avx, avx2, aes, erms, clmul, bmi1, bmi2, adx, fma, vzeroupper, clflush, clflushopt

Memory: 4k page, system-wide physical 16275M (6239M free)
TotalPageFile size 21651M (AvailPageFile size 6790M)
current process WorkingSet (physical memory assigned to process): 49M, peak: 52M
current process commit charge ("private bytes"): 344M, peak: 348M

vm_info: OpenJDK 64-Bit Server VM (17.0.3+7) for windows-amd64 JRE (17.0.3+7), built on Apr 19 2022 16:55:35 by "" with MS VC++ 16.7 (VS2019)

END.
